<?xml version="1.0" encoding="UTF-8"?>
<!-- Generated by org.testng.reporters.JUnitXMLReporter -->
<testsuite ignored="0" hostname="Purvesh" failures="0" tests="4" name="Test" time="90.339" errors="0" timestamp="2026-05-17T13:43:30 IST">
  <testcase classname="com.Automation.Tests.LoginPageTest" name="testInvalidLogin" time="4.156"/>
  <testcase classname="com.Automation.Tests.LoginPageTest" name="testValidLogin" time="7.608"/>
  <testcase classname="com.Automation.Tests.LoginPageTest" name="testInvalidLogin" time="6.441"/>
  <testcase classname="com.Automation.Tests.LoginPageTest" name="testValidLogin" time="7.968"/>
</testsuite> <!-- Test -->
