<?xml version="1.0" encoding="UTF-8"?>
<testng-results ignored="0" total="2" passed="2" failed="0" skipped="0">
  <reporter-output>
  </reporter-output>
  <suite started-at="2026-05-17T09:46:16 IST" name="Suite" finished-at="2026-05-17T09:46:22 IST" duration-ms="6354">
    <groups>
    </groups>
    <test started-at="2026-05-17T09:46:16 IST" name="Test" finished-at="2026-05-17T09:46:22 IST" duration-ms="6354">
      <class name="com.Automation.Tests.LoginPageTest">
        <test-method is-config="true" signature="setup()[pri:0, instance:com.Automation.Tests.LoginPageTest@78691363]" started-at="2026-05-17T09:46:16 IST" name="setup" finished-at="2026-05-17T09:46:19 IST" duration-ms="3620" status="PASS">
          <reporter-output>
          </reporter-output>
        </test-method> <!-- setup -->
        <test-method is-config="true" signature="setup()[pri:0, instance:com.Automation.Tests.LoginPageTest@78691363]" started-at="2026-05-17T09:46:16 IST" name="setup" finished-at="2026-05-17T09:46:19 IST" duration-ms="3570" status="PASS">
          <reporter-output>
          </reporter-output>
        </test-method> <!-- setup -->
        <test-method signature="testInvalidLogin()[pri:0, instance:com.Automation.Tests.LoginPageTest@78691363]" started-at="2026-05-17T09:46:19 IST" name="testInvalidLogin" finished-at="2026-05-17T09:46:22 IST" duration-ms="2371" status="PASS">
          <reporter-output>
          </reporter-output>
        </test-method> <!-- testInvalidLogin -->
        <test-method signature="testValidLogin()[pri:0, instance:com.Automation.Tests.LoginPageTest@78691363]" started-at="2026-05-17T09:46:19 IST" name="testValidLogin" finished-at="2026-05-17T09:46:22 IST" duration-ms="2558" status="PASS">
          <reporter-output>
          </reporter-output>
        </test-method> <!-- testValidLogin -->
        <test-method is-config="true" signature="tearDown()[pri:0, instance:com.Automation.Tests.LoginPageTest@78691363]" started-at="2026-05-17T09:46:22 IST" name="tearDown" finished-at="2026-05-17T09:46:22 IST" duration-ms="184" status="PASS">
          <reporter-output>
          </reporter-output>
        </test-method> <!-- tearDown -->
        <test-method is-config="true" signature="tearDown()[pri:0, instance:com.Automation.Tests.LoginPageTest@78691363]" started-at="2026-05-17T09:46:22 IST" name="tearDown" finished-at="2026-05-17T09:46:22 IST" duration-ms="126" status="PASS">
          <reporter-output>
          </reporter-output>
        </test-method> <!-- tearDown -->
      </class> <!-- com.Automation.Tests.LoginPageTest -->
    </test> <!-- Test -->
  </suite> <!-- Suite -->
</testng-results>
