<?xml version="1.0" encoding="UTF-8"?>
<testng-results ignored="0" total="1" passed="1" failed="0" skipped="0">
  <reporter-output>
  </reporter-output>
  <suite started-at="2026-05-17T18:18:17 IST" name="Default suite" finished-at="2026-05-17T18:18:35 IST" duration-ms="18343">
    <groups>
    </groups>
    <test started-at="2026-05-17T18:18:17 IST" name="Default test" finished-at="2026-05-17T18:18:35 IST" duration-ms="18343">
      <class name="com.Automation.Tests.EmployeePageTest">
        <test-method is-config="true" signature="setup()[pri:0, instance:com.Automation.Tests.EmployeePageTest@7586beff]" started-at="2026-05-17T18:18:18 IST" name="setup" finished-at="2026-05-17T18:18:23 IST" duration-ms="4384" status="PASS">
          <reporter-output>
          </reporter-output>
        </test-method> <!-- setup -->
        <test-method signature="testAddEmployee(java.lang.String,java.lang.String,java.lang.String,java.lang.String,java.lang.String,java.lang.String)[pri:0, instance:com.Automation.Tests.EmployeePageTest@7586beff]" started-at="2026-05-17T18:18:23 IST" name="testAddEmployee" data-provider="EmployeeData and LoginData" finished-at="2026-05-17T18:18:35 IST" duration-ms="12067" status="PASS">
          <params>
            <param index="0">
              <value>
                <![CDATA[Admin]]>
              </value>
            </param>
            <param index="1">
              <value>
                <![CDATA[admin123]]>
              </value>
            </param>
            <param index="2">
              <value>
                <![CDATA[TName]]>
              </value>
            </param>
            <param index="3">
              <value>
                <![CDATA[MidName]]>
              </value>
            </param>
            <param index="4">
              <value>
                <![CDATA[PLastName]]>
              </value>
            </param>
            <param index="5">
              <value>
                <![CDATA[1122555]]>
              </value>
            </param>
          </params>
          <reporter-output>
          </reporter-output>
        </test-method> <!-- testAddEmployee -->
        <test-method is-config="true" signature="tearDown()[pri:0, instance:com.Automation.Tests.EmployeePageTest@7586beff]" started-at="2026-05-17T18:18:35 IST" name="tearDown" finished-at="2026-05-17T18:18:35 IST" duration-ms="408" status="PASS">
          <reporter-output>
          </reporter-output>
        </test-method> <!-- tearDown -->
      </class> <!-- com.Automation.Tests.EmployeePageTest -->
    </test> <!-- Default test -->
  </suite> <!-- Default suite -->
</testng-results>
