<?xml version="1.0" encoding="UTF-8"?>
<!-- Generated by org.testng.reporters.JUnitReportReporter -->
<testsuite hostname="Purvesh" failures="0" tests="4" name="com.Automation.Tests.LoginPageTest" time="169.225" errors="0" timestamp="2026-05-17T13:43:30 IST" skipped="0">
  <testcase classname="com.Automation.Tests.LoginPageTest" name="testInvalidLogin" time="71.262"/>
  <testcase classname="com.Automation.Tests.LoginPageTest" name="testInvalidLogin" time="13.389"/>
  <testcase classname="com.Automation.Tests.LoginPageTest" name="testValidLogin" time="13.771"/>
  <testcase classname="com.Automation.Tests.LoginPageTest" name="testValidLogin" time="70.803"/>
</testsuite> <!-- com.Automation.Tests.LoginPageTest -->
