<?xml version="1.0" encoding="UTF-8"?>
<!-- Generated by org.testng.reporters.JUnitReportReporter -->
<testsuite hostname="Purvesh" failures="0" tests="2" name="com.Automation.Tests.LoginPageTest" time="12.429" errors="0" timestamp="2026-05-17T09:46:22 IST" skipped="0">
  <testcase classname="com.Automation.Tests.LoginPageTest" name="testInvalidLogin" time="6.117"/>
  <testcase classname="com.Automation.Tests.LoginPageTest" name="testValidLogin" time="6.312"/>
</testsuite> <!-- com.Automation.Tests.LoginPageTest -->
